<?xml version="1.0" encoding="UTF-8"?>
<!-- Generated by org.testng.reporters.JUnitReportReporter -->
<testsuite hostname="Datta" failures="0" tests="4" name="practicePrograms.nominee.SampleBaseclass" time="0.016" errors="0" timestamp="2023-07-05T12:50:38 IST" skipped="0">
  <testcase classname="practicePrograms.nominee.SampleBaseclass" name="tc2" time="0.008"/>
  <system-out/>
  <testcase classname="practicePrograms.nominee.SampleBaseclass" name="tc1" time="0.004"/>
  <system-out/>
  <testcase classname="practicePrograms.nominee.SampleBaseclass" name="tc3" time="0.002"/>
  <system-out/>
  <testcase classname="practicePrograms.nominee.SampleBaseclass" name="tc1" time="0.002"/>
  <system-out/>
</testsuite> <!-- practicePrograms.nominee.SampleBaseclass -->
