<?xml version="1.0" encoding="UTF-8"?>
<!-- Generated by org.testng.reporters.JUnitReportReporter -->
<testsuite hostname="Datta" failures="0" tests="1" name="practicePrograms.nominee.IntegrationLimsPractice" time="19.387" errors="0" timestamp="2023-07-11T10:42:01 IST" skipped="0">
  <testcase classname="practicePrograms.nominee.IntegrationLimsPractice" name="limsIntegration" time="19.387"/>
  <system-out>
    <![CDATA[null Test execution Started 
null Test succefully executed ]]>
  </system-out>
</testsuite> <!-- practicePrograms.nominee.IntegrationLimsPractice -->
