<?xml version="1.0" encoding="UTF-8"?>
<!-- Generated by org.testng.reporters.JUnitReportReporter -->
<testsuite hostname="Datta" failures="0" tests="1" name="practicePrograms.nominee.CreateClientAndLoginWithClientPractice" time="17.612" errors="0" timestamp="2023-07-05T17:07:02 IST" skipped="0">
  <testcase classname="practicePrograms.nominee.CreateClientAndLoginWithClientPractice" name="createclient" time="17.612"/>
  <system-out/>
</testsuite> <!-- practicePrograms.nominee.CreateClientAndLoginWithClientPractice -->
