<?xml version="1.0" encoding="UTF-8"?>
<!-- Generated by org.testng.reporters.JUnitReportReporter -->
<testsuite hostname="Datta" failures="0" tests="1" name="practicePrograms.nominee.PaymentsScenarioPractice" time="3.868" errors="0" timestamp="2023-07-05T17:06:30 IST" skipped="0">
  <testcase classname="practicePrograms.nominee.PaymentsScenarioPractice" name="payments" time="3.868"/>
  <system-out/>
</testsuite> <!-- practicePrograms.nominee.PaymentsScenarioPractice -->
