<?xml version="1.0" encoding="UTF-8"?>
<!-- Generated by org.testng.reporters.JUnitReportReporter -->
<testsuite hostname="Datta" failures="0" tests="1" name="com.genericLibraries.lims.DataProvider" time="2.726" errors="0" timestamp="2023-07-06T10:49:55 IST" skipped="0">
  <testcase classname="com.genericLibraries.lims.DataProvider" name="login" time="2.726"/>
  <system-out/>
</testsuite> <!-- com.genericLibraries.lims.DataProvider -->
