<?xml version="1.0" encoding="UTF-8"?>
<!-- Generated by org.testng.reporters.JUnitReportReporter -->
<testsuite hostname="Datta" failures="0" tests="1" name="com.lifeInsuranceManageentSystem.Openbrowser" time="13.521" errors="0" timestamp="2023-06-29T13:09:13 IST" skipped="0">
  <testcase classname="com.lifeInsuranceManageentSystem.Openbrowser" name="m1" time="13.521"/>
  <system-out/>
</testsuite> <!-- com.lifeInsuranceManageentSystem.Openbrowser -->
