<?xml version="1.0" encoding="UTF-8"?>
<!-- Generated by org.testng.reporters.JUnitReportReporter -->
<testsuite hostname="Datta" failures="0" tests="1" name="com.lifeInsuranceManageentSystem.IntegrationLimsTest" time="35.412" errors="0" timestamp="2023-07-14T11:42:22 IST" skipped="0">
  <testcase classname="com.lifeInsuranceManageentSystem.IntegrationLimsTest" name="limsIntegration" time="35.412"/>
  <system-out/>
</testsuite> <!-- com.lifeInsuranceManageentSystem.IntegrationLimsTest -->
