<?xml version="1.0" encoding="UTF-8"?>
<!-- Generated by org.testng.reporters.JUnitReportReporter -->
<testsuite hostname="Datta" failures="0" tests="1" name="com.lifeInsuranceManageentSystem.SystemScenarioNomineeTest" time="15.310" errors="0" timestamp="2023-07-11T10:36:59 IST" skipped="0">
  <testcase classname="com.lifeInsuranceManageentSystem.SystemScenarioNomineeTest" name="nomineeScenario" time="15.310"/>
  <system-out>
    <![CDATA[null Test execution Started 
null Test succefully executed ]]>
  </system-out>
</testsuite> <!-- com.lifeInsuranceManageentSystem.SystemScenarioNomineeTest -->
