<?xml version="1.0" encoding="UTF-8"?>
<!-- Generated by org.testng.reporters.JUnitReportReporter -->
<testsuite hostname="Datta" failures="0" tests="1" name="com.lifeInsuranceManageentSystem.IntegrationLimsTest" time="26.739" errors="0" timestamp="2023-07-12T13:22:34 IST" skipped="0">
  <testcase classname="com.lifeInsuranceManageentSystem.IntegrationLimsTest" name="limsIntegration" time="26.739"/>
  <system-out>
    <![CDATA[null Test execution Started 
null Test succefully executed ]]>
  </system-out>
</testsuite> <!-- com.lifeInsuranceManageentSystem.IntegrationLimsTest -->
