<?xml version="1.0" encoding="UTF-8"?>
<!-- Generated by org.testng.reporters.JUnitReportReporter -->
<testsuite hostname="Datta" failures="0" tests="1" name="com.lifeInsuranceManageentSystem.PaymentsScenarioTest" time="5.466" errors="0" timestamp="2023-07-11T10:36:59 IST" skipped="0">
  <testcase classname="com.lifeInsuranceManageentSystem.PaymentsScenarioTest" name="payments" time="5.466"/>
  <system-out>
    <![CDATA[null Test execution Started 
null Test succefully executed ]]>
  </system-out>
</testsuite> <!-- com.lifeInsuranceManageentSystem.PaymentsScenarioTest -->
